<?xml version="1.0" encoding="UTF-8"?>
<!-- Generated by org.testng.reporters.JUnitXMLReporter -->
<testsuite ignored="0" hostname="DESKTOP-OQVSJB4" failures="0" tests="2" name="Error Validation Test" time="20.087" errors="0" timestamp="31 Jan 2023 04:31:51 GMT">
  <testcase classname="practice.TestsCases.ErrorValidation" name="LoginErrorValidation" time="1.057"/>
  <testcase classname="practice.TestsCases.ErrorValidation" name="ProductErrorValidation" time="2.773"/>
</testsuite> <!-- Error Validation Test -->
