<?xml version="1.0" encoding="UTF-8"?>
<!-- Generated by org.testng.reporters.JUnitXMLReporter -->
<testsuite ignored="0" hostname="DESKTOP-OQVSJB4" failures="0" tests="3" name="Submit Order Test" time="31.363" errors="0" timestamp="31 Jan 2023 04:32:02 GMT">
  <testcase classname="practice.TestsCases.SubmitOrderTest" name="submitOrder" time="4.306"/>
  <testcase classname="practice.TestsCases.SubmitOrderTest" name="submitOrder" time="3.593"/>
  <testcase classname="practice.TestsCases.SubmitOrderTest" name="OrderHistoryTest" time="0.856"/>
</testsuite> <!-- Submit Order Test -->
