<?xml version="1.0" encoding="UTF-8"?>
<!-- Generated by org.testng.reporters.JUnitXMLReporter -->
<testsuite ignored="0" hostname="DESKTOP-OQVSJB4" failures="0" tests="2" name="Error Validation Test" time="14.675" errors="0" timestamp="01 Feb 2023 02:21:16 GMT">
  <testcase classname="practice.TestsCases.ErrorValidation" name="LoginErrorValidation" time="1.013"/>
  <testcase classname="practice.TestsCases.ErrorValidation" name="ProductErrorValidation" time="2.678"/>
</testsuite> <!-- Error Validation Test -->
