<?xml version="1.0" encoding="UTF-8"?>
<!-- Generated by org.testng.reporters.JUnitXMLReporter -->
<testsuite ignored="0" hostname="DESKTOP-OQVSJB4" failures="0" tests="3" name="Submit Order Test" time="21.898" errors="0" timestamp="01 Feb 2023 02:21:23 GMT">
  <testcase classname="practice.TestsCases.SubmitOrderTest" name="submitOrder" time="3.584"/>
  <testcase classname="practice.TestsCases.SubmitOrderTest" name="submitOrder" time="3.502"/>
  <testcase classname="practice.TestsCases.SubmitOrderTest" name="OrderHistoryTest" time="0.72"/>
</testsuite> <!-- Submit Order Test -->
